<?xml version="1.0" encoding="UTF-8"?>
<robot generator="Robot 3.1.2 (Python 3.6.7 on linux)" generated="20190603 13:32:12.683" rpa="false">
<suite id="s1" name="3-UsandoLoops" source="/home/cauane/Documentos/OUTROS/robot-framework-curso/anexos/Estruturas/3-UsandoLoops.robot">
<test id="s1-t1" name="Caso de teste exemplo 01">
<kw name="Usando FOR com RANGE">
<kw name="${COUNT} IN RANGE [ 1 | 6 ]" type="for">
<kw name="${COUNT} = 1" type="foritem">
<kw name="Log" library="BuiltIn">
<doc>Logs the given message with the given level.</doc>
<arguments>
<arg>Meu contador atual é: ${COUNT}. O range será de 1 a 5!</arg>
</arguments>
<msg timestamp="20190603 13:32:12.707" level="INFO">Meu contador atual é: 1. O range será de 1 a 5!</msg>
<status status="PASS" starttime="20190603 13:32:12.707" endtime="20190603 13:32:12.707"></status>
</kw>
<kw name="Run Keyword If" library="BuiltIn">
<doc>Runs the given keyword with the given arguments, if ``condition`` is true.</doc>
<arguments>
<arg>${COUNT} == 5</arg>
<arg>Log</arg>
<arg>Acabou o loop!!!</arg>
</arguments>
<status status="PASS" starttime="20190603 13:32:12.707" endtime="20190603 13:32:12.708"></status>
</kw>
<status status="PASS" starttime="20190603 13:32:12.707" endtime="20190603 13:32:12.708"></status>
</kw>
<kw name="${COUNT} = 2" type="foritem">
<kw name="Log" library="BuiltIn">
<doc>Logs the given message with the given level.</doc>
<arguments>
<arg>Meu contador atual é: ${COUNT}. O range será de 1 a 5!</arg>
</arguments>
<msg timestamp="20190603 13:32:12.708" level="INFO">Meu contador atual é: 2. O range será de 1 a 5!</msg>
<status status="PASS" starttime="20190603 13:32:12.708" endtime="20190603 13:32:12.708"></status>
</kw>
<kw name="Run Keyword If" library="BuiltIn">
<doc>Runs the given keyword with the given arguments, if ``condition`` is true.</doc>
<arguments>
<arg>${COUNT} == 5</arg>
<arg>Log</arg>
<arg>Acabou o loop!!!</arg>
</arguments>
<status status="PASS" starttime="20190603 13:32:12.708" endtime="20190603 13:32:12.708"></status>
</kw>
<status status="PASS" starttime="20190603 13:32:12.708" endtime="20190603 13:32:12.708"></status>
</kw>
<kw name="${COUNT} = 3" type="foritem">
<kw name="Log" library="BuiltIn">
<doc>Logs the given message with the given level.</doc>
<arguments>
<arg>Meu contador atual é: ${COUNT}. O range será de 1 a 5!</arg>
</arguments>
<msg timestamp="20190603 13:32:12.709" level="INFO">Meu contador atual é: 3. O range será de 1 a 5!</msg>
<status status="PASS" starttime="20190603 13:32:12.708" endtime="20190603 13:32:12.709"></status>
</kw>
<kw name="Run Keyword If" library="BuiltIn">
<doc>Runs the given keyword with the given arguments, if ``condition`` is true.</doc>
<arguments>
<arg>${COUNT} == 5</arg>
<arg>Log</arg>
<arg>Acabou o loop!!!</arg>
</arguments>
<status status="PASS" starttime="20190603 13:32:12.709" endtime="20190603 13:32:12.709"></status>
</kw>
<status status="PASS" starttime="20190603 13:32:12.708" endtime="20190603 13:32:12.709"></status>
</kw>
<kw name="${COUNT} = 4" type="foritem">
<kw name="Log" library="BuiltIn">
<doc>Logs the given message with the given level.</doc>
<arguments>
<arg>Meu contador atual é: ${COUNT}. O range será de 1 a 5!</arg>
</arguments>
<msg timestamp="20190603 13:32:12.709" level="INFO">Meu contador atual é: 4. O range será de 1 a 5!</msg>
<status status="PASS" starttime="20190603 13:32:12.709" endtime="20190603 13:32:12.709"></status>
</kw>
<kw name="Run Keyword If" library="BuiltIn">
<doc>Runs the given keyword with the given arguments, if ``condition`` is true.</doc>
<arguments>
<arg>${COUNT} == 5</arg>
<arg>Log</arg>
<arg>Acabou o loop!!!</arg>
</arguments>
<status status="PASS" starttime="20190603 13:32:12.710" endtime="20190603 13:32:12.710"></status>
</kw>
<status status="PASS" starttime="20190603 13:32:12.709" endtime="20190603 13:32:12.710"></status>
</kw>
<kw name="${COUNT} = 5" type="foritem">
<kw name="Log" library="BuiltIn">
<doc>Logs the given message with the given level.</doc>
<arguments>
<arg>Meu contador atual é: ${COUNT}. O range será de 1 a 5!</arg>
</arguments>
<msg timestamp="20190603 13:32:12.710" level="INFO">Meu contador atual é: 5. O range será de 1 a 5!</msg>
<status status="PASS" starttime="20190603 13:32:12.710" endtime="20190603 13:32:12.710"></status>
</kw>
<kw name="Run Keyword If" library="BuiltIn">
<doc>Runs the given keyword with the given arguments, if ``condition`` is true.</doc>
<arguments>
<arg>${COUNT} == 5</arg>
<arg>Log</arg>
<arg>Acabou o loop!!!</arg>
</arguments>
<kw name="Log" library="BuiltIn">
<doc>Logs the given message with the given level.</doc>
<arguments>
<arg>Acabou o loop!!!</arg>
</arguments>
<msg timestamp="20190603 13:32:12.711" level="INFO">Acabou o loop!!!</msg>
<status status="PASS" starttime="20190603 13:32:12.711" endtime="20190603 13:32:12.711"></status>
</kw>
<status status="PASS" starttime="20190603 13:32:12.710" endtime="20190603 13:32:12.711"></status>
</kw>
<status status="PASS" starttime="20190603 13:32:12.710" endtime="20190603 13:32:12.711"></status>
</kw>
<status status="PASS" starttime="20190603 13:32:12.707" endtime="20190603 13:32:12.711"></status>
</kw>
<status status="PASS" starttime="20190603 13:32:12.706" endtime="20190603 13:32:12.711"></status>
</kw>
<kw name="Usando FOR com LISTA">
<kw name="${ITEM} IN [ @{FRUTAS} ]" type="for">
<kw name="${ITEM} = maça" type="foritem">
<kw name="Log" library="BuiltIn">
<doc>Logs the given message with the given level.</doc>
<arguments>
<arg>Minha fruta é: ${ITEM}</arg>
</arguments>
<msg timestamp="20190603 13:32:12.712" level="INFO">Minha fruta é: maça</msg>
<status status="PASS" starttime="20190603 13:32:12.712" endtime="20190603 13:32:12.712"></status>
</kw>
<kw name="Run Keyword If" library="BuiltIn">
<doc>Runs the given keyword with the given arguments, if ``condition`` is true.</doc>
<arguments>
<arg>'${ITEM}' == 'abacaxi'</arg>
<arg>Log</arg>
<arg>Acabou o loop!!!</arg>
</arguments>
<status status="PASS" starttime="20190603 13:32:12.712" endtime="20190603 13:32:12.712"></status>
</kw>
<status status="PASS" starttime="20190603 13:32:12.711" endtime="20190603 13:32:12.712"></status>
</kw>
<kw name="${ITEM} = banana" type="foritem">
<kw name="Log" library="BuiltIn">
<doc>Logs the given message with the given level.</doc>
<arguments>
<arg>Minha fruta é: ${ITEM}</arg>
</arguments>
<msg timestamp="20190603 13:32:12.712" level="INFO">Minha fruta é: banana</msg>
<status status="PASS" starttime="20190603 13:32:12.712" endtime="20190603 13:32:12.713"></status>
</kw>
<kw name="Run Keyword If" library="BuiltIn">
<doc>Runs the given keyword with the given arguments, if ``condition`` is true.</doc>
<arguments>
<arg>'${ITEM}' == 'abacaxi'</arg>
<arg>Log</arg>
<arg>Acabou o loop!!!</arg>
</arguments>
<status status="PASS" starttime="20190603 13:32:12.713" endtime="20190603 13:32:12.713"></status>
</kw>
<status status="PASS" starttime="20190603 13:32:12.712" endtime="20190603 13:32:12.713"></status>
</kw>
<kw name="${ITEM} = uva" type="foritem">
<kw name="Log" library="BuiltIn">
<doc>Logs the given message with the given level.</doc>
<arguments>
<arg>Minha fruta é: ${ITEM}</arg>
</arguments>
<msg timestamp="20190603 13:32:12.713" level="INFO">Minha fruta é: uva</msg>
<status status="PASS" starttime="20190603 13:32:12.713" endtime="20190603 13:32:12.713"></status>
</kw>
<kw name="Run Keyword If" library="BuiltIn">
<doc>Runs the given keyword with the given arguments, if ``condition`` is true.</doc>
<arguments>
<arg>'${ITEM}' == 'abacaxi'</arg>
<arg>Log</arg>
<arg>Acabou o loop!!!</arg>
</arguments>
<status status="PASS" starttime="20190603 13:32:12.713" endtime="20190603 13:32:12.714"></status>
</kw>
<status status="PASS" starttime="20190603 13:32:12.713" endtime="20190603 13:32:12.714"></status>
</kw>
<kw name="${ITEM} = abacaxi" type="foritem">
<kw name="Log" library="BuiltIn">
<doc>Logs the given message with the given level.</doc>
<arguments>
<arg>Minha fruta é: ${ITEM}</arg>
</arguments>
<msg timestamp="20190603 13:32:12.714" level="INFO">Minha fruta é: abacaxi</msg>
<status status="PASS" starttime="20190603 13:32:12.714" endtime="20190603 13:32:12.714"></status>
</kw>
<kw name="Run Keyword If" library="BuiltIn">
<doc>Runs the given keyword with the given arguments, if ``condition`` is true.</doc>
<arguments>
<arg>'${ITEM}' == 'abacaxi'</arg>
<arg>Log</arg>
<arg>Acabou o loop!!!</arg>
</arguments>
<kw name="Log" library="BuiltIn">
<doc>Logs the given message with the given level.</doc>
<arguments>
<arg>Acabou o loop!!!</arg>
</arguments>
<msg timestamp="20190603 13:32:12.715" level="INFO">Acabou o loop!!!</msg>
<status status="PASS" starttime="20190603 13:32:12.715" endtime="20190603 13:32:12.715"></status>
</kw>
<status status="PASS" starttime="20190603 13:32:12.714" endtime="20190603 13:32:12.715"></status>
</kw>
<status status="PASS" starttime="20190603 13:32:12.714" endtime="20190603 13:32:12.715"></status>
</kw>
<status status="PASS" starttime="20190603 13:32:12.711" endtime="20190603 13:32:12.715"></status>
</kw>
<status status="PASS" starttime="20190603 13:32:12.711" endtime="20190603 13:32:12.715"></status>
</kw>
<kw name="Saindo de um FOR">
<kw name="${ITEM} IN [ @{FRUTAS} ]" type="for">
<kw name="${ITEM} = maça" type="foritem">
<kw name="Exit For Loop If" library="BuiltIn">
<doc>Stops executing the enclosing for loop if the ``condition`` is true.</doc>
<arguments>
<arg>'${ITEM}' == 'uva'</arg>
</arguments>
<status status="PASS" starttime="20190603 13:32:12.716" endtime="20190603 13:32:12.716"></status>
</kw>
<kw name="Log" library="BuiltIn">
<doc>Logs the given message with the given level.</doc>
<arguments>
<arg>Minha fruta é: ${ITEM}</arg>
</arguments>
<msg timestamp="20190603 13:32:12.716" level="INFO">Minha fruta é: maça</msg>
<status status="PASS" starttime="20190603 13:32:12.716" endtime="20190603 13:32:12.716"></status>
</kw>
<status status="PASS" starttime="20190603 13:32:12.716" endtime="20190603 13:32:12.716"></status>
</kw>
<kw name="${ITEM} = banana" type="foritem">
<kw name="Exit For Loop If" library="BuiltIn">
<doc>Stops executing the enclosing for loop if the ``condition`` is true.</doc>
<arguments>
<arg>'${ITEM}' == 'uva'</arg>
</arguments>
<status status="PASS" starttime="20190603 13:32:12.717" endtime="20190603 13:32:12.717"></status>
</kw>
<kw name="Log" library="BuiltIn">
<doc>Logs the given message with the given level.</doc>
<arguments>
<arg>Minha fruta é: ${ITEM}</arg>
</arguments>
<msg timestamp="20190603 13:32:12.718" level="INFO">Minha fruta é: banana</msg>
<status status="PASS" starttime="20190603 13:32:12.717" endtime="20190603 13:32:12.718"></status>
</kw>
<status status="PASS" starttime="20190603 13:32:12.716" endtime="20190603 13:32:12.718"></status>
</kw>
<kw name="${ITEM} = uva" type="foritem">
<kw name="Exit For Loop If" library="BuiltIn">
<doc>Stops executing the enclosing for loop if the ``condition`` is true.</doc>
<arguments>
<arg>'${ITEM}' == 'uva'</arg>
</arguments>
<msg timestamp="20190603 13:32:12.718" level="INFO">Exiting for loop altogether.</msg>
<status status="PASS" starttime="20190603 13:32:12.718" endtime="20190603 13:32:12.718"></status>
</kw>
<status status="PASS" starttime="20190603 13:32:12.718" endtime="20190603 13:32:12.718"></status>
</kw>
<status status="PASS" starttime="20190603 13:32:12.715" endtime="20190603 13:32:12.718"></status>
</kw>
<status status="PASS" starttime="20190603 13:32:12.715" endtime="20190603 13:32:12.719"></status>
</kw>
<kw name="Usando a keyword REPEAT">
<kw name="Repeat Keyword" library="BuiltIn">
<doc>Executes the specified keyword multiple times.</doc>
<arguments>
<arg>4</arg>
<arg>Log</arg>
<arg>Vamos logar essa frase 4 vezes!!!</arg>
</arguments>
<msg timestamp="20190603 13:32:12.719" level="INFO">Repeating keyword, round 1/4.</msg>
<kw name="Log" library="BuiltIn">
<doc>Logs the given message with the given level.</doc>
<arguments>
<arg>Vamos logar essa frase 4 vezes!!!</arg>
</arguments>
<msg timestamp="20190603 13:32:12.719" level="INFO">Vamos logar essa frase 4 vezes!!!</msg>
<status status="PASS" starttime="20190603 13:32:12.719" endtime="20190603 13:32:12.719"></status>
</kw>
<msg timestamp="20190603 13:32:12.719" level="INFO">Repeating keyword, round 2/4.</msg>
<kw name="Log" library="BuiltIn">
<doc>Logs the given message with the given level.</doc>
<arguments>
<arg>Vamos logar essa frase 4 vezes!!!</arg>
</arguments>
<msg timestamp="20190603 13:32:12.720" level="INFO">Vamos logar essa frase 4 vezes!!!</msg>
<status status="PASS" starttime="20190603 13:32:12.720" endtime="20190603 13:32:12.720"></status>
</kw>
<msg timestamp="20190603 13:32:12.720" level="INFO">Repeating keyword, round 3/4.</msg>
<kw name="Log" library="BuiltIn">
<doc>Logs the given message with the given level.</doc>
<arguments>
<arg>Vamos logar essa frase 4 vezes!!!</arg>
</arguments>
<msg timestamp="20190603 13:32:12.720" level="INFO">Vamos logar essa frase 4 vezes!!!</msg>
<status status="PASS" starttime="20190603 13:32:12.720" endtime="20190603 13:32:12.720"></status>
</kw>
<msg timestamp="20190603 13:32:12.720" level="INFO">Repeating keyword, round 4/4.</msg>
<kw name="Log" library="BuiltIn">
<doc>Logs the given message with the given level.</doc>
<arguments>
<arg>Vamos logar essa frase 4 vezes!!!</arg>
</arguments>
<msg timestamp="20190603 13:32:12.720" level="INFO">Vamos logar essa frase 4 vezes!!!</msg>
<status status="PASS" starttime="20190603 13:32:12.720" endtime="20190603 13:32:12.720"></status>
</kw>
<status status="PASS" starttime="20190603 13:32:12.719" endtime="20190603 13:32:12.720"></status>
</kw>
<status status="PASS" starttime="20190603 13:32:12.719" endtime="20190603 13:32:12.721"></status>
</kw>
<status status="PASS" starttime="20190603 13:32:12.706" endtime="20190603 13:32:12.721" critical="yes"></status>
</test>
<doc>Suíte para exemplificar o uso de LOOPS nos testes
Os LOOPS devem ser pouco utilizados, mas tem hora que não tem jeito
e precisamos dele mesmo, então vamos ver como é!
LOOPS: use com moderação!
Infelizmente o Loop FOR ainda não tem uma estrutura keyword-driven
Mas o criador do Robot já disse que estão estudando uma solução!</doc>
<status status="PASS" starttime="20190603 13:32:12.684" endtime="20190603 13:32:12.721"></status>
</suite>
<statistics>
<total>
<stat pass="1" fail="0">Critical Tests</stat>
<stat pass="1" fail="0">All Tests</stat>
</total>
<tag>
</tag>
<suite>
<stat pass="1" fail="0" id="s1" name="3-UsandoLoops">3-UsandoLoops</stat>
</suite>
</statistics>
<errors>
</errors>
</robot>
