<?xml version="1.0" encoding="UTF-8"?>
<robot generator="Robot 3.1.2 (Python 3.6.7 on linux)" generated="20190603 15:04:23.407" rpa="false">
<suite id="s1" name="TestCaseBook" source="/home/cauane/Documentos/OUTROS/robot-framework-curso/tests/API_tests/TestCaseBook.robot">
<kw name="Connect API" type="setup">
<msg timestamp="20190603 15:04:23.431" level="FAIL">No keyword with name 'Connect API' found.</msg>
<status status="FAIL" starttime="20190603 15:04:23.431" endtime="20190603 15:04:23.431"></status>
</kw>
<test id="s1-t1" name="Search All Books (GET All Books)">
<status status="FAIL" starttime="20190603 15:04:23.431" endtime="20190603 15:04:23.431" critical="yes">Parent suite setup failed:
No keyword with name 'Connect API' found.</status>
</test>
<status status="FAIL" starttime="20190603 15:04:23.408" endtime="20190603 15:04:23.432">Suite setup failed:
No keyword with name 'Connect API' found.</status>
</suite>
<statistics>
<total>
<stat pass="0" fail="1">Critical Tests</stat>
<stat pass="0" fail="1">All Tests</stat>
</total>
<tag>
</tag>
<suite>
<stat pass="0" fail="1" id="s1" name="TestCaseBook">TestCaseBook</stat>
</suite>
</statistics>
<errors>
<msg timestamp="20190603 15:04:23.429" level="ERROR">Error in file '/home/cauane/Documentos/OUTROS/robot-framework-curso/tests/API_tests/TestCaseBook.robot': Resource file 'resource/resourceAPI' does not exist.</msg>
</errors>
</robot>
