<?xml version="1.0" encoding="UTF-8"?>
<robot generator="Robot 3.1.2 (Python 3.6.7 on linux)" generated="20190530 22:28:42.525" rpa="false">
<suite id="s1" name="TestSearchSite" source="/home/cauane/Documents/programacao/robot-framework-curso/tests/TestSearchSite.robot">
<test id="s1-t1" name="Test Case 01: Pesquisar Produto Existente">
<kw name="Abrir Browser" library="Resource" type="setup">
<kw name="Open Browser" library="Selenium2Library">
<doc>Opens a new browser instance to the given ``url``.</doc>
<arguments>
<arg>${URL}</arg>
<arg>${BROWSER}</arg>
</arguments>
<msg timestamp="20190530 22:28:42.638" level="INFO">Opening browser 'firefox' to base url 'http://automationpractice.com/'.</msg>
<status status="PASS" starttime="20190530 22:28:42.638" endtime="20190530 22:28:57.047"></status>
</kw>
<status status="PASS" starttime="20190530 22:28:42.637" endtime="20190530 22:28:57.047"></status>
</kw>
<kw name="Acessar a página home" library="Resource">
<kw name="Title Should Be" library="Selenium2Library">
<doc>Verifies that current page title equals ``title``.</doc>
<arguments>
<arg>My Store</arg>
</arguments>
<msg timestamp="20190530 22:28:57.072" level="INFO">Page title is 'My Store'.</msg>
<status status="PASS" starttime="20190530 22:28:57.048" endtime="20190530 22:28:57.072"></status>
</kw>
<status status="PASS" starttime="20190530 22:28:57.047" endtime="20190530 22:28:57.072"></status>
</kw>
<kw name="Pesquisar produto &quot;Blouse&quot;" library="Resource">
<kw name="Input Text" library="Selenium2Library">
<doc>Types the given ``text`` into text field identified by ``locator``.</doc>
<arguments>
<arg>id:search_query_top</arg>
<arg>${PRODUTO}</arg>
</arguments>
<msg timestamp="20190530 22:28:57.075" level="INFO">Typing text 'Blouse' into text field 'id:search_query_top'.</msg>
<status status="PASS" starttime="20190530 22:28:57.075" endtime="20190530 22:28:57.144"></status>
</kw>
<status status="PASS" starttime="20190530 22:28:57.073" endtime="20190530 22:28:57.144"></status>
</kw>
<kw name="Clicar no botão pesquisar" library="Resource">
<kw name="Click Button" library="Selenium2Library">
<doc>Clicks button identified by ``locator``.</doc>
<arguments>
<arg>name:submit_search</arg>
</arguments>
<msg timestamp="20190530 22:28:57.145" level="INFO">Clicking button 'name:submit_search'.</msg>
<status status="PASS" starttime="20190530 22:28:57.144" endtime="20190530 22:28:58.955"></status>
</kw>
<status status="PASS" starttime="20190530 22:28:57.144" endtime="20190530 22:28:58.955"></status>
</kw>
<kw name="Conferir produto listado" library="Resource">
<kw name="Wait Until Element Is Visible" library="Selenium2Library">
<doc>Waits until element ``locator`` is visible.</doc>
<arguments>
<arg>css:html body#search.search.hide-right-column.lang_en div#page div.columns-container div#columns.container div.row div#center_column.center_column.col-xs-12.col-sm-9 h1.page-heading.product-listing</arg>
</arguments>
<status status="PASS" starttime="20190530 22:28:58.956" endtime="20190530 22:28:58.994"></status>
</kw>
<kw name="Title Should Be" library="Selenium2Library">
<doc>Verifies that current page title equals ``title``.</doc>
<arguments>
<arg>Search - My Store</arg>
</arguments>
<msg timestamp="20190530 22:28:58.997" level="INFO">Page title is 'Search - My Store'.</msg>
<status status="PASS" starttime="20190530 22:28:58.995" endtime="20190530 22:28:58.997"></status>
</kw>
<kw name="Page Should Contain Image" library="Selenium2Library">
<doc>Verifies image identified by ``locator`` is found from current page.</doc>
<arguments>
<arg>xPath:/html/body/div/div[2]/div/div[3]/div[2]/ul/li/div/div[1]/div/a[1]/img</arg>
</arguments>
<msg timestamp="20190530 22:28:59.004" level="INFO">Current page contains image 'xPath:/html/body/div/div[2]/div/div[3]/div[2]/ul/li/div/div[1]/div/a[1]/img'.</msg>
<status status="PASS" starttime="20190530 22:28:58.997" endtime="20190530 22:28:59.005"></status>
</kw>
<status status="PASS" starttime="20190530 22:28:58.955" endtime="20190530 22:28:59.005"></status>
</kw>
<kw name="Fechar Browser" library="Resource" type="teardown">
<kw name="Close Browser" library="Selenium2Library">
<doc>Closes the current browser.</doc>
<status status="PASS" starttime="20190530 22:28:59.005" endtime="20190530 22:29:01.505"></status>
</kw>
<status status="PASS" starttime="20190530 22:28:59.005" endtime="20190530 22:29:01.505"></status>
</kw>
<status status="PASS" starttime="20190530 22:28:42.636" endtime="20190530 22:29:01.505" critical="yes"></status>
</test>
<status status="PASS" starttime="20190530 22:28:42.525" endtime="20190530 22:29:01.506"></status>
</suite>
<statistics>
<total>
<stat pass="1" fail="0">Critical Tests</stat>
<stat pass="1" fail="0">All Tests</stat>
</total>
<tag>
</tag>
<suite>
<stat pass="1" fail="0" id="s1" name="TestSearchSite">TestSearchSite</stat>
</suite>
</statistics>
<errors>
</errors>
</robot>
